<?xml version="1.0" encoding="UTF-8"?>
<testsuite name="com.testattenti.conversions.tests.ConvertMetersToFeetTest" tests="3" skipped="0" failures="0" errors="0" timestamp="2019-07-17T18:05:31" hostname="Irishka" time="5.723">
  <properties/>
  <testcase name="testConvertMetersToFeet[0](TestData{value=0})" classname="com.testattenti.conversions.tests.ConvertMetersToFeetTest" time="2.239"/>
  <testcase name="testConvertMetersToFeet[1](TestData{value=100})" classname="com.testattenti.conversions.tests.ConvertMetersToFeetTest" time="1.655"/>
  <testcase name="testConvertMetersToFeet[2](TestData{value=1000})" classname="com.testattenti.conversions.tests.ConvertMetersToFeetTest" time="1.767"/>
  <system-out><![CDATA[21:05:31.795 [Test worker] INFO  c.t.conversions.tests.TestBase - Start test testConvertMetersToFeet[TestData{value=0}]
]]></system-out>
  <system-err><![CDATA[]]></system-err>
</testsuite>
