<?xml version="1.0" encoding="UTF-8"?>
<testsuite name="com.testattenti.conversions.tests.ConvertOuncesToGramsTest" tests="3" skipped="0" failures="0" errors="0" timestamp="2019-07-17T18:05:37" hostname="Irishka" time="4.737">
  <properties/>
  <testcase name="testConvertOuncesToGrams[0](TestData{value=0})" classname="com.testattenti.conversions.tests.ConvertOuncesToGramsTest" time="1.679"/>
  <testcase name="testConvertOuncesToGrams[1](TestData{value=100})" classname="com.testattenti.conversions.tests.ConvertOuncesToGramsTest" time="1.63"/>
  <testcase name="testConvertOuncesToGrams[2](TestData{value=1000})" classname="com.testattenti.conversions.tests.ConvertOuncesToGramsTest" time="1.358"/>
  <system-out><![CDATA[21:05:37.546 [Test worker] INFO  c.t.conversions.tests.TestBase - Start test testConvertOuncesToGrams[TestData{value=0}]
]]></system-out>
  <system-err><![CDATA[]]></system-err>
</testsuite>
